[2014-09-04 05:07:23] START
[2014-09-04 05:14:02] EDIT SnapDetector/views/default/index.html: 34
[2014-09-04 05:25:28] EDIT SnapDetector/views/plugin_layouts/layouts/Customize.html: -137
[2014-09-04 05:26:11] EDIT SnapDetector/views/default/index.html: 0
[2014-09-04 05:28:36] EDIT SnapDetector/static/css/bootstrap.min.css: -2
[2014-09-04 05:30:53] UPLOAD /home/sai/web2py/applications/SnapDetector/static/main.css: 46
[2014-09-04 05:32:15] EDIT SnapDetector/static/js/bootstrap.min.js: 0
[2014-09-04 05:32:18] EDIT SnapDetector/static/css/bootstrap.min.css: 0
[2014-09-04 05:33:16] EDIT SnapDetector/static/js/jquery.js: 0
[2014-09-04 05:36:16] EDIT SnapDetector/controllers/default.py: -36
[2014-09-04 05:36:35] EDIT SnapDetector/controllers/default.py: -11
[2014-09-04 05:36:49] EDIT SnapDetector/controllers/default.py: 0
[2014-09-04 05:37:44] EDIT SnapDetector/views/default/index.html: 0
[2014-09-04 05:38:32] EDIT SnapDetector/static/css/bootstrap-responsive.min.css: 0
[2014-09-04 05:40:45] EDIT SnapDetector/static/plugin_layouts/layouts/Customize/style.css: -113
[2014-09-04 05:43:45] EDIT SnapDetector/views/default/index.html: 0
[2014-09-04 05:45:36] EDIT SnapDetector/views/default/index.html: 0
[2014-09-04 05:45:56] EDIT SnapDetector/views/default/index.html: 0
[2014-09-04 05:46:36] EDIT SnapDetector/views/default/index.html: 0
[2014-09-04 05:46:54] EDIT SnapDetector/views/default/index.html: 0
[2014-09-04 05:49:30] EDIT SnapDetector/views/default/index.html: 0
[2014-09-04 05:50:24] EDIT SnapDetector/views/default/index.html: -2
[2014-09-04 05:50:45] EDIT SnapDetector/views/default/index.html: 0
[2014-09-04 05:51:44] EDIT SnapDetector/views/default/index.html: -1
[2014-09-04 05:52:06] EDIT SnapDetector/views/default/index.html: 0
[2014-09-04 05:52:49] EDIT SnapDetector/controllers/default.py: 5
[2014-09-04 05:53:00] EDIT SnapDetector/views/default/index.html: 0
[2014-09-04 05:53:24] EDIT SnapDetector/controllers/default.py: -3
[2014-09-04 05:53:57] CREATE default/record.html: 0
[2014-09-04 05:55:00] EDIT SnapDetector/views/default/record.html: 15
[2014-09-04 05:55:05] EDIT SnapDetector/views/default/record.html: 0
[2014-09-04 06:02:53] EDIT SnapDetector/controllers/default.py: 4
[2014-09-04 06:04:10] EDIT SnapDetector/models/db.py: 5
[2014-09-04 06:05:56] EDIT SnapDetector/controllers/default.py: 0
[2014-09-04 06:07:07] EDIT SnapDetector/views/default/record.html: 0
[2014-09-04 06:07:34] EDIT SnapDetector/views/default/record.html: 1
[2014-09-04 06:08:08] EDIT SnapDetector/controllers/default.py: 0
[2014-09-04 06:09:34] EDIT SnapDetector/models/db.py: 1
[2014-09-04 06:10:33] EDIT SnapDetector/models/db.py: -1
[2014-09-04 06:13:32] EDIT SnapDetector/controllers/default.py: 8
[2014-09-04 06:15:14] EDIT SnapDetector/controllers/default.py: 0
[2014-09-04 06:15:28] EDIT SnapDetector/models/db.py: -2
[2014-09-04 06:15:44] EDIT SnapDetector/models/db.py: 0
[2014-09-04 06:16:14] EDIT SnapDetector/models/db.py: 3
[2014-09-04 06:16:21] EDIT SnapDetector/models/db.py: 0
[2014-09-04 06:17:29] EDIT SnapDetector/models/db.py: 1
[2014-09-04 06:18:04] EDIT SnapDetector/models/db.py: 0
[2014-09-04 06:18:38] EDIT SnapDetector/models/db.py: 0
[2014-09-04 06:18:46] EDIT SnapDetector/models/db.py: -1
[2014-09-04 06:18:54] EDIT SnapDetector/models/db.py: 0
[2014-09-04 06:18:58] EDIT SnapDetector/models/db.py: 1
[2014-09-04 06:19:19] EDIT SnapDetector/models/db.py: -1
[2014-09-04 06:19:22] EDIT SnapDetector/models/db.py: 1
[2014-09-04 06:19:46] EDIT SnapDetector/controllers/default.py: -8
[2014-09-04 06:20:52] CREATE layoutnew.html: 0
[2014-09-04 06:20:57] EDIT SnapDetector/views/layoutnew.html: 96
[2014-09-04 06:21:33] EDIT SnapDetector/views/default/record.html: -17
[2014-09-04 06:24:11] EDIT SnapDetector/controllers/default.py: 0
[2014-09-04 06:24:23] CREATE thanks.html: 0
[2014-09-04 06:24:40] EDIT SnapDetector/views/thanks.html: -2
[2014-09-04 06:25:05] EDIT SnapDetector/views/thanks.html: 0
[2014-09-04 06:25:28] EDIT SnapDetector/controllers/default.py: 2
[2014-09-04 06:26:28] EDIT SnapDetector/views/thanks.html: 62
[2014-09-04 06:27:34] EDIT SnapDetector/views/thanks.html: 0
[2014-09-04 06:28:26] CREATE default/thanks.html: 0
[2014-09-04 06:28:34] EDIT SnapDetector/views/default/thanks.html: 60
[2014-09-04 06:31:43] EDIT SnapDetector/controllers/default.py: 1
[2014-09-04 06:32:17] EDIT SnapDetector/views/default/thanks.html: 0
[2014-09-04 06:32:37] EDIT SnapDetector/views/default/thanks.html: -1
[2014-09-04 06:33:06] EDIT SnapDetector/views/default/thanks.html: 0
[2014-09-04 06:33:44] EDIT SnapDetector/views/default/thanks.html: -17
[2014-09-04 06:34:05] EDIT SnapDetector/views/default/thanks.html: 0
[2014-09-04 06:34:18] EDIT SnapDetector/views/default/thanks.html: 1
[2014-09-04 06:46:36] EDIT SnapDetector/views/plugin_layouts/layouts/Customize.html: 0
